2025-11-11 21:27:49,019:DEBUG:discord.client: on_ready has successfully been registered as an event
2025-11-11 21:27:49,020:DEBUG:asyncio: Using proactor: IocpProactor
2025-11-11 21:27:49,096:INFO:discord.client: logging in using static token
2025-11-11 21:27:49,897:DEBUG:discord.http: GET https://discord.com/api/v10/users/@me with None has returned 200
2025-11-11 21:27:49,897:DEBUG:discord.http: GET /users/@me has found its initial rate limit bucket hash (78bb8553d9352a5a2f89f9def401287a).
2025-11-11 21:27:49,898:DEBUG:discord.http: GET https://discord.com/api/v10/users/@me has received {'id': '1430456989263335454', 'username': 'LeetBot', 'avatar': None, 'discriminator': '8307', 'public_flags': 0, 'flags': 0, 'bot': True, 'banner': None, 'accent_color': None, 'global_name': None, 'avatar_decoration_data': None, 'collectibles': None, 'display_name_styles': None, 'banner_color': None, 'clan': None, 'primary_guild': None, 'mfa_enabled': False, 'locale': 'en-US', 'premium_type': 0, 'email': None, 'verified': True, 'bio': ''}
2025-11-11 21:27:50,434:DEBUG:discord.http: GET https://discord.com/api/v10/oauth2/applications/@me with None has returned 200
2025-11-11 21:27:50,434:DEBUG:discord.http: GET /oauth2/applications/@me has found its initial rate limit bucket hash (d28a133af187e91d71d96a223467ce49).
2025-11-11 21:27:50,434:DEBUG:discord.http: GET https://discord.com/api/v10/oauth2/applications/@me has received {'id': '1430456989263335454', 'name': 'LeetBot', 'icon': None, 'description': '', 'type': None, 'bot': {'id': '1430456989263335454', 'username': 'LeetBot', 'avatar': None, 'discriminator': '8307', 'public_flags': 0, 'flags': 0, 'bot': True, 'banner': None, 'accent_color': None, 'global_name': None, 'avatar_decoration_data': None, 'collectibles': None, 'display_name_styles': None, 'banner_color': None, 'clan': None, 'primary_guild': None}, 'summary': '', 'is_monetized': False, 'is_verified': False, 'is_discoverable': False, 'bot_public': True, 'bot_require_code_grant': False, 'install_params': {'scopes': ['applications.commands'], 'permissions': '0'}, 'integration_types_config': {'0': {'oauth2_install_params': {'scopes': ['applications.commands'], 'permissions': '0'}}, '1': {'oauth2_install_params': {'scopes': ['applications.commands'], 'permissions': '0'}}}, 'verify_key': 'f559e85482cbbd309666b42c2c6d23057175fc3449cd8990c351d7bbeb5b0b7f', 'flags': 557056, 'hook': True, 'storefront_available': False, 'redirect_uris': [], 'interactions_endpoint_url': None, 'role_connections_verification_url': None, 'owner': {'id': '1353340527533359177', 'username': 'sushy0493_31516', 'avatar': 'f7f2e9361e8a54ce6e72580ac7b967af', 'discriminator': '0', 'public_flags': 0, 'flags': 0, 'banner': None, 'accent_color': None, 'global_name': 'Sushy', 'avatar_decoration_data': {'asset': 'a_8c30c345958d9b40624c96c59c1d1bdc', 'sku_id': '1435057564663676929', 'expires_at': 1768262400}, 'collectibles': None, 'display_name_styles': None, 'banner_color': None, 'clan': {'identity_guild_id': '876189935382704210', 'identity_enabled': True, 'tag': 'GG', 'badge': '5af9574535fa32059c05acfd639fb9e8'}, 'primary_guild': {'identity_guild_id': '876189935382704210', 'identity_enabled': True, 'tag': 'GG', 'badge': '5af9574535fa32059c05acfd639fb9e8'}}, 'approximate_guild_count': 1, 'approximate_user_install_count': 0, 'approximate_user_authorization_count': 0, 'interactions_event_types': [], 'interactions_version': 1, 'explicit_content_filter': 0, 'rpc_application_state': 0, 'store_application_state': 1, 'verification_state': 1, 'integration_public': True, 'integration_require_code_grant': False, 'discoverability_state': 1, 'discovery_eligibility_flags': 224, 'monetization_state': 1, 'verification_eligibility_flags': 91036, 'monetization_eligibility_flags': 181988, 'bot_approximate_guild_count': 1, 'team': None, 'internal_guild_restriction': 2, 'approved_consoles': [], 'pricing_localization_strategy': 'localized_price_sets'}
2025-11-11 21:27:51,125:DEBUG:discord.gateway: Created websocket connected to wss://gateway.discord.gg/
2025-11-11 21:27:51,127:DEBUG:discord.gateway: For Shard ID None: WebSocket Event: {'t': None, 's': None, 'op': 10, 'd': {'heartbeat_interval': 41250, '_trace': ['["gateway-prd-arm-us-east1-d-kd59",{"micros":0.0}]']}}
2025-11-11 21:27:51,129:DEBUG:discord.gateway: Shard ID None has sent the IDENTIFY payload.
2025-11-11 21:27:51,465:DEBUG:discord.gateway: For Shard ID None: WebSocket Event: {'t': None, 's': None, 'op': 11, 'd': None}
2025-11-11 21:27:51,637:DEBUG:discord.gateway: For Shard ID None: WebSocket Event: {'t': 'READY', 's': 1, 'op': 0, 'd': {'v': 10, 'user_settings': {}, 'user': {'verified': True, 'username': 'LeetBot', 'primary_guild': None, 'mfa_enabled': False, 'id': '1430456989263335454', 'global_name': None, 'flags': 0, 'email': None, 'discriminator': '8307', 'clan': None, 'bot': True, 'avatar': None}, 'session_type': 'normal', 'session_id': '80be76d6f4225eb20d349e03f645e94d', 'resume_gateway_url': 'wss://gateway-us-east1-d.discord.gg', 'relationships': [], 'private_channels': [], 'presences': [], 'guilds': [{'unavailable': True, 'id': '1430460229375758348'}], 'guild_join_requests': [], 'geo_ordered_rtc_regions': ['india', 'dubai', 'singapore', 'saudi-arabia', 'hongkong'], 'game_relationships': [], 'auth': {}, 'application': {'id': '1430456989263335454', 'flags': 557056}, '_trace': ['["gateway-prd-arm-us-east1-d-kd59",{"micros":150273,"calls":["id_created",{"micros":497,"calls":[]},"session_lookup_time",{"micros":572,"calls":[]},"session_lookup_finished",{"micros":10,"calls":[]},"discord-sessions-prd-2-81",{"micros":147933,"calls":["start_session",{"micros":123814,"calls":["discord-api-rpc-5b95bfdbcf-6jzf2",{"micros":53601,"calls":["get_user",{"micros":7908},"get_guilds",{"micros":5175},"send_scheduled_deletion_message",{"micros":23},"guild_join_requests",{"micros":5},"authorized_ip_coro",{"micros":13},"pending_payments",{"micros":57941},"apex_experiments",{"micros":3933},"user_activities",{"micros":8},"played_application_ids",{"micros":5},"linked_users",{"micros":4}]}]},"starting_guild_connect",{"micros":27,"calls":[]},"presence_started",{"micros":6766,"calls":[]},"guilds_started",{"micros":76,"calls":[]},"lobbies_started",{"micros":1,"calls":[]},"guilds_connect",{"micros":1,"calls":[]},"presence_connect",{"micros":17173,"calls":[]},"connect_finished",{"micros":17232,"calls":[]},"build_ready",{"micros":15,"calls":[]},"clean_ready",{"micros":0,"calls":[]},"optimize_ready",{"micros":1,"calls":[]},"split_ready",{"micros":0,"calls":[]}]}]}]']}}
2025-11-11 21:27:51,638:DEBUG:discord.client: Dispatching event socket_event_type
2025-11-11 21:27:51,639:INFO:discord.gateway: Shard ID None has connected to Gateway (Session ID: 80be76d6f4225eb20d349e03f645e94d).
2025-11-11 21:27:51,639:DEBUG:discord.client: Dispatching event connect
2025-11-11 21:27:51,666:DEBUG:discord.client: Dispatching event socket_event_type
2025-11-11 21:27:52,047:DEBUG:discord.gateway: For Shard ID None: WebSocket Event: {'t': 'GUILD_MEMBERS_CHUNK', 's': 3, 'op': 0, 'd': {'nonce': 'f1ac0e8188e802ef7d45566851f83e6e', 'members': [{'user': {'username': 'sushy0493_31516', 'public_flags': 0, 'primary_guild': {'tag': 'GG', 'identity_guild_id': '876189935382704210', 'identity_enabled': True, 'badge': '5af9574535fa32059c05acfd639fb9e8'}, 'id': '1353340527533359177', 'global_name': 'Sushy', 'display_name_styles': None, 'display_name': 'Sushy', 'discriminator': '0', 'collectibles': None, 'bot': False, 'avatar_decoration_data': {'sku_id': '1435057564663676929', 'expires_at': 1768262400, 'asset': 'a_8c30c345958d9b40624c96c59c1d1bdc'}, 'avatar': 'f7f2e9361e8a54ce6e72580ac7b967af'}, 'roles': [], 'premium_since': None, 'pending': False, 'nick': None, 'mute': False, 'joined_at': '2025-10-22T07:38:15.456000+00:00', 'flags': 0, 'deaf': False, 'communication_disabled_until': None, 'banner': None, 'avatar': None}, {'user': {'username': 'LeetBot', 'public_flags': 0, 'primary_guild': None, 'id': '1430456989263335454', 'global_name': None, 'display_name_styles': None, 'display_name': None, 'discriminator': '8307', 'collectibles': None, 'bot': True, 'avatar_decoration_data': None, 'avatar': None}, 'roles': ['1430547467786784915'], 'premium_since': None, 'pending': False, 'nick': None, 'mute': False, 'joined_at': '2025-10-22T13:24:54.741000+00:00', 'flags': 0, 'deaf': False, 'communication_disabled_until': None, 'banner': None, 'avatar': None}], 'guild_id': '1430460229375758348', 'chunk_index': 0, 'chunk_count': 1}}
2025-11-11 21:27:52,047:DEBUG:discord.client: Dispatching event socket_event_type
2025-11-11 21:27:52,047:DEBUG:discord.state: Processed a chunk for 2 members in guild ID 1430460229375758348.
2025-11-11 21:27:53,667:DEBUG:discord.client: Dispatching event guild_available
2025-11-11 21:27:53,668:DEBUG:discord.client: Dispatching event ready
2025-11-11 21:27:56,449:DEBUG:discord.gateway: For Shard ID None: WebSocket Event: {'t': 'TYPING_START', 's': 4, 'op': 0, 'd': {'user_id': '1353340527533359177', 'timestamp': 1762876676, 'member': {'user': {'username': 'sushy0493_31516', 'public_flags': 0, 'primary_guild': {'tag': 'GG', 'identity_guild_id': '876189935382704210', 'identity_enabled': True, 'badge': '5af9574535fa32059c05acfd639fb9e8'}, 'id': '1353340527533359177', 'global_name': 'Sushy', 'display_name_styles': None, 'display_name': 'Sushy', 'discriminator': '0', 'collectibles': None, 'bot': False, 'avatar_decoration_data': {'sku_id': '1435057564663676929', 'expires_at': 1768262400, 'asset': 'a_8c30c345958d9b40624c96c59c1d1bdc'}, 'avatar': 'f7f2e9361e8a54ce6e72580ac7b967af'}, 'roles': [], 'premium_since': None, 'pending': False, 'nick': None, 'mute': False, 'joined_at': '2025-10-22T07:38:15.456000+00:00', 'flags': 0, 'deaf': False, 'communication_disabled_until': None, 'banner': None, 'avatar': None}, 'channel_id': '1430460230113689693', 'guild_id': '1430460229375758348'}}
2025-11-11 21:27:56,450:DEBUG:discord.client: Dispatching event socket_event_type
2025-11-11 21:27:56,451:DEBUG:discord.client: Dispatching event typing
2025-11-11 21:27:56,451:DEBUG:discord.client: Dispatching event raw_typing
2025-11-11 21:28:00,546:DEBUG:discord.gateway: For Shard ID None: WebSocket Event: {'t': 'MESSAGE_CREATE', 's': 5, 'op': 0, 'd': {'type': 0, 'tts': False, 'timestamp': '2025-11-11T15:58:00.772000+00:00', 'pinned': False, 'nonce': '1437833751752081408', 'mentions': [], 'mention_roles': [], 'mention_everyone': False, 'member': {'roles': [], 'premium_since': None, 'pending': False, 'nick': None, 'mute': False, 'joined_at': '2025-10-22T07:38:15.456000+00:00', 'flags': 0, 'deaf': False, 'communication_disabled_until': None, 'banner': None, 'avatar': None}, 'id': '1437833754667384945', 'flags': 0, 'embeds': [], 'edited_timestamp': None, 'content': '!leetcode_unregister', 'components': [], 'channel_type': 0, 'channel_id': '1430460230113689693', 'author': {'username': 'sushy0493_31516', 'public_flags': 0, 'primary_guild': {'tag': 'GG', 'identity_guild_id': '876189935382704210', 'identity_enabled': True, 'badge': '5af9574535fa32059c05acfd639fb9e8'}, 'id': '1353340527533359177', 'global_name': 'Sushy', 'display_name_styles': None, 'discriminator': '0', 'collectibles': None, 'clan': {'tag': 'GG', 'identity_guild_id': '876189935382704210', 'identity_enabled': True, 'badge': '5af9574535fa32059c05acfd639fb9e8'}, 'avatar_decoration_data': {'sku_id': '1435057564663676929', 'expires_at': 1768262400, 'asset': 'a_8c30c345958d9b40624c96c59c1d1bdc'}, 'avatar': 'f7f2e9361e8a54ce6e72580ac7b967af'}, 'attachments': [], 'guild_id': '1430460229375758348'}}
2025-11-11 21:28:00,547:DEBUG:discord.client: Dispatching event socket_event_type
2025-11-11 21:28:00,548:DEBUG:discord.client: Dispatching event message
2025-11-11 21:28:00,549:DEBUG:discord.client: Dispatching event command
2025-11-11 21:28:00,971:DEBUG:discord.gateway: For Shard ID None: WebSocket Event: {'t': 'MESSAGE_CREATE', 's': 6, 'op': 0, 'd': {'type': 0, 'tts': False, 'timestamp': '2025-11-11T15:58:01.275000+00:00', 'pinned': False, 'nonce': '11795300616431838900', 'mentions': [], 'mention_roles': [], 'mention_everyone': False, 'member': {'roles': ['1430547467786784915'], 'premium_since': None, 'pending': False, 'nick': None, 'mute': False, 'joined_at': '2025-10-22T13:24:54.741000+00:00', 'flags': 0, 'deaf': False, 'communication_disabled_until': None, 'banner': None, 'avatar': None}, 'id': '1437833756776861876', 'flags': 0, 'embeds': [], 'edited_timestamp': None, 'content': 'You have been successfully unregistered.', 'components': [], 'channel_type': 0, 'channel_id': '1430460230113689693', 'author': {'username': 'LeetBot', 'public_flags': 0, 'primary_guild': None, 'id': '1430456989263335454', 'global_name': None, 'display_name_styles': None, 'discriminator': '8307', 'collectibles': None, 'clan': None, 'bot': True, 'avatar_decoration_data': None, 'avatar': None}, 'attachments': [], 'guild_id': '1430460229375758348'}}
2025-11-11 21:28:00,972:DEBUG:discord.client: Dispatching event socket_event_type
2025-11-11 21:28:00,974:DEBUG:discord.client: Dispatching event message
2025-11-11 21:28:00,994:DEBUG:discord.http: POST https://discord.com/api/v10/channels/1430460230113689693/messages with {"content":"You have been successfully unregistered.","components":[],"nonce":"11795300616431838900","enforce_nonce":true,"tts":false} has returned 200
2025-11-11 21:28:00,994:DEBUG:discord.http: POST /channels/{channel_id}/messages has found its initial rate limit bucket hash (3df15bae86f6647dd4dfcbd5c6949480).
2025-11-11 21:28:00,995:DEBUG:discord.http: POST https://discord.com/api/v10/channels/1430460230113689693/messages has received {'type': 0, 'content': 'You have been successfully unregistered.', 'mentions': [], 'mention_roles': [], 'attachments': [], 'embeds': [], 'timestamp': '2025-11-11T15:58:01.275000+00:00', 'edited_timestamp': None, 'flags': 0, 'components': [], 'id': '1437833756776861876', 'channel_id': '1430460230113689693', 'author': {'id': '1430456989263335454', 'username': 'LeetBot', 'avatar': None, 'discriminator': '8307', 'public_flags': 0, 'flags': 0, 'bot': True, 'banner': None, 'accent_color': None, 'global_name': None, 'avatar_decoration_data': None, 'collectibles': None, 'display_name_styles': None, 'banner_color': None, 'clan': None, 'primary_guild': None}, 'pinned': False, 'mention_everyone': False, 'tts': False, 'nonce': '11795300616431838900'}
2025-11-11 21:28:00,997:DEBUG:discord.client: Dispatching event command_completion
2025-11-11 21:28:04,914:DEBUG:discord.gateway: For Shard ID None: WebSocket Event: {'t': 'TYPING_START', 's': 7, 'op': 0, 'd': {'user_id': '1353340527533359177', 'timestamp': 1762876685, 'member': {'user': {'username': 'sushy0493_31516', 'public_flags': 0, 'primary_guild': {'tag': 'GG', 'identity_guild_id': '876189935382704210', 'identity_enabled': True, 'badge': '5af9574535fa32059c05acfd639fb9e8'}, 'id': '1353340527533359177', 'global_name': 'Sushy', 'display_name_styles': None, 'display_name': 'Sushy', 'discriminator': '0', 'collectibles': None, 'bot': False, 'avatar_decoration_data': {'sku_id': '1435057564663676929', 'expires_at': 1768262400, 'asset': 'a_8c30c345958d9b40624c96c59c1d1bdc'}, 'avatar': 'f7f2e9361e8a54ce6e72580ac7b967af'}, 'roles': [], 'premium_since': None, 'pending': False, 'nick': None, 'mute': False, 'joined_at': '2025-10-22T07:38:15.456000+00:00', 'flags': 0, 'deaf': False, 'communication_disabled_until': None, 'banner': None, 'avatar': None}, 'channel_id': '1430460230113689693', 'guild_id': '1430460229375758348'}}
2025-11-11 21:28:04,916:DEBUG:discord.client: Dispatching event socket_event_type
2025-11-11 21:28:04,916:DEBUG:discord.client: Dispatching event typing
2025-11-11 21:28:04,917:DEBUG:discord.client: Dispatching event raw_typing
2025-11-11 21:28:13,141:DEBUG:discord.gateway: For Shard ID None: WebSocket Event: {'t': 'TYPING_START', 's': 8, 'op': 0, 'd': {'user_id': '1353340527533359177', 'timestamp': 1762876693, 'member': {'user': {'username': 'sushy0493_31516', 'public_flags': 0, 'primary_guild': {'tag': 'GG', 'identity_guild_id': '876189935382704210', 'identity_enabled': True, 'badge': '5af9574535fa32059c05acfd639fb9e8'}, 'id': '1353340527533359177', 'global_name': 'Sushy', 'display_name_styles': None, 'display_name': 'Sushy', 'discriminator': '0', 'collectibles': None, 'bot': False, 'avatar_decoration_data': {'sku_id': '1435057564663676929', 'expires_at': 1768262400, 'asset': 'a_8c30c345958d9b40624c96c59c1d1bdc'}, 'avatar': 'f7f2e9361e8a54ce6e72580ac7b967af'}, 'roles': [], 'premium_since': None, 'pending': False, 'nick': None, 'mute': False, 'joined_at': '2025-10-22T07:38:15.456000+00:00', 'flags': 0, 'deaf': False, 'communication_disabled_until': None, 'banner': None, 'avatar': None}, 'channel_id': '1430460230113689693', 'guild_id': '1430460229375758348'}}
2025-11-11 21:28:13,142:DEBUG:discord.client: Dispatching event socket_event_type
2025-11-11 21:28:13,143:DEBUG:discord.client: Dispatching event typing
2025-11-11 21:28:13,144:DEBUG:discord.client: Dispatching event raw_typing
2025-11-11 21:28:14,994:DEBUG:discord.gateway: For Shard ID None: WebSocket Event: {'t': 'MESSAGE_CREATE', 's': 9, 'op': 0, 'd': {'type': 0, 'tts': False, 'timestamp': '2025-11-11T15:58:15.119000+00:00', 'pinned': False, 'nonce': '1437833812041007104', 'mentions': [], 'mention_roles': [], 'mention_everyone': False, 'member': {'roles': [], 'premium_since': None, 'pending': False, 'nick': None, 'mute': False, 'joined_at': '2025-10-22T07:38:15.456000+00:00', 'flags': 0, 'deaf': False, 'communication_disabled_until': None, 'banner': None, 'avatar': None}, 'id': '1437833814842806435', 'flags': 0, 'embeds': [], 'edited_timestamp': None, 'content': '!leetcode_register Sushrutha_', 'components': [], 'channel_type': 0, 'channel_id': '1430460230113689693', 'author': {'username': 'sushy0493_31516', 'public_flags': 0, 'primary_guild': {'tag': 'GG', 'identity_guild_id': '876189935382704210', 'identity_enabled': True, 'badge': '5af9574535fa32059c05acfd639fb9e8'}, 'id': '1353340527533359177', 'global_name': 'Sushy', 'display_name_styles': None, 'discriminator': '0', 'collectibles': None, 'clan': {'tag': 'GG', 'identity_guild_id': '876189935382704210', 'identity_enabled': True, 'badge': '5af9574535fa32059c05acfd639fb9e8'}, 'avatar_decoration_data': {'sku_id': '1435057564663676929', 'expires_at': 1768262400, 'asset': 'a_8c30c345958d9b40624c96c59c1d1bdc'}, 'avatar': 'f7f2e9361e8a54ce6e72580ac7b967af'}, 'attachments': [], 'guild_id': '1430460229375758348'}}
2025-11-11 21:28:14,996:DEBUG:discord.client: Dispatching event socket_event_type
2025-11-11 21:28:14,997:DEBUG:discord.client: Dispatching event message
2025-11-11 21:28:14,997:DEBUG:discord.client: Dispatching event command
2025-11-11 21:28:20,001:DEBUG:discord.gateway: For Shard ID None: WebSocket Event: {'t': 'MESSAGE_CREATE', 's': 10, 'op': 0, 'd': {'type': 0, 'tts': False, 'timestamp': '2025-11-11T15:58:20.197000+00:00', 'pinned': False, 'nonce': '13037355355131238000', 'mentions': [], 'mention_roles': [], 'mention_everyone': False, 'member': {'roles': ['1430547467786784915'], 'premium_since': None, 'pending': False, 'nick': None, 'mute': False, 'joined_at': '2025-10-22T13:24:54.741000+00:00', 'flags': 0, 'deaf': False, 'communication_disabled_until': None, 'banner': None, 'avatar': None}, 'id': '1437833836141482068', 'flags': 0, 'embeds': [], 'edited_timestamp': None, 'content': 'Success! Your LeetCode username has been registered as: `Sushrutha_`', 'components': [], 'channel_type': 0, 'channel_id': '1430460230113689693', 'author': {'username': 'LeetBot', 'public_flags': 0, 'primary_guild': None, 'id': '1430456989263335454', 'global_name': None, 'display_name_styles': None, 'discriminator': '8307', 'collectibles': None, 'clan': None, 'bot': True, 'avatar_decoration_data': None, 'avatar': None}, 'attachments': [], 'guild_id': '1430460229375758348'}}
2025-11-11 21:28:20,002:DEBUG:discord.client: Dispatching event socket_event_type
2025-11-11 21:28:20,002:DEBUG:discord.client: Dispatching event message
2025-11-11 21:28:20,015:DEBUG:discord.http: POST https://discord.com/api/v10/channels/1430460230113689693/messages with {"content":"Success! Your LeetCode username has been registered as: `Sushrutha_`","components":[],"nonce":"13037355355131238000","enforce_nonce":true,"tts":false} has returned 200
2025-11-11 21:28:20,015:DEBUG:discord.http: POST https://discord.com/api/v10/channels/1430460230113689693/messages has received {'type': 0, 'content': 'Success! Your LeetCode username has been registered as: `Sushrutha_`', 'mentions': [], 'mention_roles': [], 'attachments': [], 'embeds': [], 'timestamp': '2025-11-11T15:58:20.197000+00:00', 'edited_timestamp': None, 'flags': 0, 'components': [], 'id': '1437833836141482068', 'channel_id': '1430460230113689693', 'author': {'id': '1430456989263335454', 'username': 'LeetBot', 'avatar': None, 'discriminator': '8307', 'public_flags': 0, 'flags': 0, 'bot': True, 'banner': None, 'accent_color': None, 'global_name': None, 'avatar_decoration_data': None, 'collectibles': None, 'display_name_styles': None, 'banner_color': None, 'clan': None, 'primary_guild': None}, 'pinned': False, 'mention_everyone': False, 'tts': False, 'nonce': '13037355355131238000'}
2025-11-11 21:28:20,016:DEBUG:discord.client: Dispatching event command_completion
2025-11-11 21:28:24,744:DEBUG:discord.gateway: For Shard ID None: WebSocket Event: {'t': 'TYPING_START', 's': 11, 'op': 0, 'd': {'user_id': '1353340527533359177', 'timestamp': 1762876705, 'member': {'user': {'username': 'sushy0493_31516', 'public_flags': 0, 'primary_guild': {'tag': 'GG', 'identity_guild_id': '876189935382704210', 'identity_enabled': True, 'badge': '5af9574535fa32059c05acfd639fb9e8'}, 'id': '1353340527533359177', 'global_name': 'Sushy', 'display_name_styles': None, 'display_name': 'Sushy', 'discriminator': '0', 'collectibles': None, 'bot': False, 'avatar_decoration_data': {'sku_id': '1435057564663676929', 'expires_at': 1768262400, 'asset': 'a_8c30c345958d9b40624c96c59c1d1bdc'}, 'avatar': 'f7f2e9361e8a54ce6e72580ac7b967af'}, 'roles': [], 'premium_since': None, 'pending': False, 'nick': None, 'mute': False, 'joined_at': '2025-10-22T07:38:15.456000+00:00', 'flags': 0, 'deaf': False, 'communication_disabled_until': None, 'banner': None, 'avatar': None}, 'channel_id': '1430460230113689693', 'guild_id': '1430460229375758348'}}
2025-11-11 21:28:24,745:DEBUG:discord.client: Dispatching event socket_event_type
2025-11-11 21:28:24,745:DEBUG:discord.client: Dispatching event typing
2025-11-11 21:28:24,746:DEBUG:discord.client: Dispatching event raw_typing
2025-11-11 21:28:32,380:DEBUG:discord.gateway: Keeping shard ID None websocket alive with sequence 11.
2025-11-11 21:28:32,726:DEBUG:discord.gateway: For Shard ID None: WebSocket Event: {'t': None, 's': None, 'op': 11, 'd': None}
2025-11-11 21:28:33,110:DEBUG:discord.gateway: For Shard ID None: WebSocket Event: {'t': 'TYPING_START', 's': 12, 'op': 0, 'd': {'user_id': '1353340527533359177', 'timestamp': 1762876713, 'member': {'user': {'username': 'sushy0493_31516', 'public_flags': 0, 'primary_guild': {'tag': 'GG', 'identity_guild_id': '876189935382704210', 'identity_enabled': True, 'badge': '5af9574535fa32059c05acfd639fb9e8'}, 'id': '1353340527533359177', 'global_name': 'Sushy', 'display_name_styles': None, 'display_name': 'Sushy', 'discriminator': '0', 'collectibles': None, 'bot': False, 'avatar_decoration_data': {'sku_id': '1435057564663676929', 'expires_at': 1768262400, 'asset': 'a_8c30c345958d9b40624c96c59c1d1bdc'}, 'avatar': 'f7f2e9361e8a54ce6e72580ac7b967af'}, 'roles': [], 'premium_since': None, 'pending': False, 'nick': None, 'mute': False, 'joined_at': '2025-10-22T07:38:15.456000+00:00', 'flags': 0, 'deaf': False, 'communication_disabled_until': None, 'banner': None, 'avatar': None}, 'channel_id': '1430460230113689693', 'guild_id': '1430460229375758348'}}
2025-11-11 21:28:33,111:DEBUG:discord.client: Dispatching event socket_event_type
2025-11-11 21:28:33,112:DEBUG:discord.client: Dispatching event typing
2025-11-11 21:28:33,112:DEBUG:discord.client: Dispatching event raw_typing
2025-11-11 21:28:34,542:DEBUG:discord.gateway: For Shard ID None: WebSocket Event: {'t': 'MESSAGE_CREATE', 's': 13, 'op': 0, 'd': {'type': 0, 'tts': False, 'timestamp': '2025-11-11T15:58:34.765000+00:00', 'pinned': False, 'nonce': '1437833894085787648', 'mentions': [], 'mention_roles': [], 'mention_everyone': False, 'member': {'roles': [], 'premium_since': None, 'pending': False, 'nick': None, 'mute': False, 'joined_at': '2025-10-22T07:38:15.456000+00:00', 'flags': 0, 'deaf': False, 'communication_disabled_until': None, 'banner': None, 'avatar': None}, 'id': '1437833897244364941', 'flags': 0, 'embeds': [], 'edited_timestamp': None, 'content': '!leetcode_leaderboard', 'components': [], 'channel_type': 0, 'channel_id': '1430460230113689693', 'author': {'username': 'sushy0493_31516', 'public_flags': 0, 'primary_guild': {'tag': 'GG', 'identity_guild_id': '876189935382704210', 'identity_enabled': True, 'badge': '5af9574535fa32059c05acfd639fb9e8'}, 'id': '1353340527533359177', 'global_name': 'Sushy', 'display_name_styles': None, 'discriminator': '0', 'collectibles': None, 'clan': {'tag': 'GG', 'identity_guild_id': '876189935382704210', 'identity_enabled': True, 'badge': '5af9574535fa32059c05acfd639fb9e8'}, 'avatar_decoration_data': {'sku_id': '1435057564663676929', 'expires_at': 1768262400, 'asset': 'a_8c30c345958d9b40624c96c59c1d1bdc'}, 'avatar': 'f7f2e9361e8a54ce6e72580ac7b967af'}, 'attachments': [], 'guild_id': '1430460229375758348'}}
2025-11-11 21:28:34,544:DEBUG:discord.client: Dispatching event socket_event_type
2025-11-11 21:28:34,546:DEBUG:discord.client: Dispatching event message
2025-11-11 21:28:34,546:DEBUG:discord.client: Dispatching event command
2025-11-11 21:28:35,061:DEBUG:discord.client: Dispatching event socket_event_type
2025-11-11 21:28:35,062:DEBUG:discord.client: Dispatching event message
2025-11-11 21:28:35,091:DEBUG:discord.client: Dispatching event command_completion
2025-11-11 21:29:13,645:DEBUG:discord.gateway: Keeping shard ID None websocket alive with sequence 14.
2025-11-11 21:29:14,376:DEBUG:discord.gateway: For Shard ID None: WebSocket Event: {'t': None, 's': None, 'op': 11, 'd': None}
2025-11-11 21:29:54,909:DEBUG:discord.gateway: Keeping shard ID None websocket alive with sequence 14.
2025-11-11 21:29:55,336:DEBUG:discord.gateway: For Shard ID None: WebSocket Event: {'t': None, 's': None, 'op': 11, 'd': None}
2025-11-11 21:30:36,168:DEBUG:discord.gateway: Keeping shard ID None websocket alive with sequence 14.
2025-11-11 21:30:36,501:DEBUG:discord.gateway: For Shard ID None: WebSocket Event: {'t': None, 's': None, 'op': 11, 'd': None}
2025-11-11 21:31:17,422:DEBUG:discord.gateway: Keeping shard ID None websocket alive with sequence 14.
2025-11-11 21:31:17,768:DEBUG:discord.gateway: For Shard ID None: WebSocket Event: {'t': None, 's': None, 'op': 11, 'd': None}
2025-11-11 21:31:58,684:DEBUG:discord.gateway: Keeping shard ID None websocket alive with sequence 14.
2025-11-11 21:31:59,036:DEBUG:discord.gateway: For Shard ID None: WebSocket Event: {'t': None, 's': None, 'op': 11, 'd': None}
2025-11-11 21:32:39,944:DEBUG:discord.gateway: Keeping shard ID None websocket alive with sequence 14.
2025-11-11 21:32:40,610:DEBUG:discord.gateway: For Shard ID None: WebSocket Event: {'t': None, 's': None, 'op': 11, 'd': None}
2025-11-11 21:33:21,202:DEBUG:discord.gateway: Keeping shard ID None websocket alive with sequence 14.
2025-11-11 21:33:21,571:DEBUG:discord.gateway: For Shard ID None: WebSocket Event: {'t': None, 's': None, 'op': 11, 'd': None}
2025-11-11 21:34:02,465:DEBUG:discord.gateway: Keeping shard ID None websocket alive with sequence 14.
2025-11-11 21:34:02,838:DEBUG:discord.gateway: For Shard ID None: WebSocket Event: {'t': None, 's': None, 'op': 11, 'd': None}
2025-11-11 21:34:43,722:DEBUG:discord.gateway: Keeping shard ID None websocket alive with sequence 14.
2025-11-11 21:34:44,105:DEBUG:discord.gateway: For Shard ID None: WebSocket Event: {'t': None, 's': None, 'op': 11, 'd': None}
2025-11-11 21:35:24,984:DEBUG:discord.gateway: Keeping shard ID None websocket alive with sequence 14.
2025-11-11 21:35:25,280:DEBUG:discord.gateway: For Shard ID None: WebSocket Event: {'t': None, 's': None, 'op': 11, 'd': None}
2025-11-11 21:36:06,242:DEBUG:discord.gateway: Keeping shard ID None websocket alive with sequence 14.
2025-11-11 21:36:06,639:DEBUG:discord.gateway: For Shard ID None: WebSocket Event: {'t': None, 's': None, 'op': 11, 'd': None}
2025-11-11 21:36:47,501:DEBUG:discord.gateway: Keeping shard ID None websocket alive with sequence 14.
2025-11-11 21:36:47,805:DEBUG:discord.gateway: For Shard ID None: WebSocket Event: {'t': None, 's': None, 'op': 11, 'd': None}
2025-11-11 21:37:28,756:DEBUG:discord.gateway: Keeping shard ID None websocket alive with sequence 14.
2025-11-11 21:37:29,072:DEBUG:discord.gateway: For Shard ID None: WebSocket Event: {'t': None, 's': None, 'op': 11, 'd': None}
2025-11-11 21:38:10,017:DEBUG:discord.gateway: Keeping shard ID None websocket alive with sequence 14.
2025-11-11 21:38:10,338:DEBUG:discord.gateway: For Shard ID None: WebSocket Event: {'t': None, 's': None, 'op': 11, 'd': None}
